<?xml version="1.0" encoding="UTF-8"?>
<testng-results ignored="0" total="1" passed="1" failed="0" skipped="0">
  <reporter-output>
  </reporter-output>
  <suite started-at="2025-05-23T18:37:23 IST" name="Suite" finished-at="2025-05-23T18:38:22 IST" duration-ms="58916">
    <groups>
    </groups>
    <test started-at="2025-05-23T18:37:23 IST" name="Test" finished-at="2025-05-23T18:38:22 IST" duration-ms="58916">
      <class name="Ezeas.Tests.AddOnDemandJob">
        <test-method is-config="true" signature="launchApplication()[pri:0, instance:Ezeas.Tests.AddOnDemandJob@750e2b97]" started-at="2025-05-23T18:37:24 IST" name="launchApplication" finished-at="2025-05-23T18:37:47 IST" duration-ms="23132" status="PASS">
          <reporter-output>
          </reporter-output>
        </test-method> <!-- launchApplication -->
        <test-method signature="addNewDemandjob()[pri:0, instance:Ezeas.Tests.AddOnDemandJob@750e2b97]" started-at="2025-05-23T18:37:47 IST" name="addNewDemandjob" finished-at="2025-05-23T18:38:22 IST" duration-ms="35150" status="PASS">
          <reporter-output>
          </reporter-output>
        </test-method> <!-- addNewDemandjob -->
      </class> <!-- Ezeas.Tests.AddOnDemandJob -->
    </test> <!-- Test -->
  </suite> <!-- Suite -->
</testng-results>
