<?xml version="1.0" encoding="UTF-8"?>
<testng-results ignored="0" total="1" passed="1" failed="0" skipped="0">
  <reporter-output>
  </reporter-output>
  <suite started-at="2025-06-23T12:27:05 IST" name="Default suite" finished-at="2025-06-23T12:28:12 IST" duration-ms="66954">
    <groups>
    </groups>
    <test started-at="2025-06-23T12:27:05 IST" name="Default test" finished-at="2025-06-23T12:28:12 IST" duration-ms="66954">
      <class name="Ezeas.Tests.ResetPassword">
        <test-method is-config="true" signature="launchApplication()[pri:0, instance:Ezeas.Tests.ResetPassword@5542c4ed]" started-at="2025-06-23T12:27:06 IST" name="launchApplication" finished-at="2025-06-23T12:27:39 IST" duration-ms="33079" status="PASS">
          <reporter-output>
          </reporter-output>
        </test-method> <!-- launchApplication -->
        <test-method signature="requestResetPassword()[pri:0, instance:Ezeas.Tests.ResetPassword@5542c4ed]" started-at="2025-06-23T12:27:39 IST" name="requestResetPassword" finished-at="2025-06-23T12:28:12 IST" duration-ms="33408" status="PASS">
          <reporter-output>
          </reporter-output>
        </test-method> <!-- requestResetPassword -->
      </class> <!-- Ezeas.Tests.ResetPassword -->
    </test> <!-- Default test -->
  </suite> <!-- Default suite -->
</testng-results>
